# JRE version: OpenJDK Runtime Environment Temurin-21.0.8+9 (21.0.8+9) (build 21.0.8+9-LTS)
# Java VM: OpenJDK 64-Bit Server VM Temurin-21.0.8+9 (21.0.8+9-LTS, mixed mode, emulated-client, sharing, tiered, compressed oops, compressed class ptrs, g1 gc, windows-amd64)
GC Precious Log:
 CardTable entry size: 512
 Card Set container configuration: InlinePtr #cards 5 size 8 Array Of Cards #cards 12 size 40 Howl #buckets 4 coarsen threshold 1843 Howl Bitmap #cards 512 size 80 coarsen threshold 460 Card regions per heap region 1 cards per card region 2048
 CPUs: 4 total, 4 available
 Memory: 8094M
 Large Page Support: Disabled
 NUMA Support: Disabled
 Compressed Oops: Enabled (32-bit)
 Heap Region Size: 1M
 Heap Min Capacity: 8M
 Heap Initial Capacity: 128M
 Heap Max Capacity: 2024M
 Pre-touch: Disabled
 Parallel Workers: 4
 Concurrent Workers: 1
 Concurrent Refinement Workers: 4
 Periodic GC: Disabled
Heap:
 garbage-first heap   total 131072K, used 64807K [0x0000000081800000, 0x0000000100000000)
  region size 1024K, 2 young (2048K), 2 survivors (2048K)
 Metaspace       used 67606K, committed 68416K, reserved 1114112K
  class space    used 9940K, committed 10304K, reserved 1048576K
GC Heap History (20 events):
Event: 17.450 GC heap after
{Heap after GC invocations=19 (full 0):
 garbage-first heap   total 58368K, used 35287K [0x0000000081800000, 0x0000000100000000)
  region size 1024K, 3 young (3072K), 3 survivors (3072K)
 Metaspace       used 63010K, committed 63744K, reserved 1114112K
  class space    used 9185K, committed 9472K, reserved 1048576K
}
Event: 17.544 GC heap before
{Heap before GC invocations=19 (full 0):
 garbage-first heap   total 60416K, used 50647K [0x0000000081800000, 0x0000000100000000)
  region size 1024K, 18 young (18432K), 3 survivors (3072K)
 Metaspace       used 63014K, committed 63744K, reserved 1114112K
  class space    used 9185K, committed 9472K, reserved 1048576K
}
Event: 17.549 GC heap after
{Heap after GC invocations=20 (full 0):
 garbage-first heap   total 60416K, used 36372K [0x0000000081800000, 0x0000000100000000)
  region size 1024K, 2 young (2048K), 2 survivors (2048K)
 Metaspace       used 63014K, committed 63744K, reserved 1114112K
  class space    used 9185K, committed 9472K, reserved 1048576K
}
Event: 17.944 GC heap before
{Heap before GC invocations=21 (full 0):
 garbage-first heap   total 60416K, used 52756K [0x0000000081800000, 0x0000000100000000)
  region size 1024K, 19 young (19456K), 2 survivors (2048K)
 Metaspace       used 64511K, committed 65216K, reserved 1114112K
  class space    used 9535K, committed 9856K, reserved 1048576K
}
Event: 17.950 GC heap after
{Heap after GC invocations=22 (full 0):
 garbage-first heap   total 60416K, used 38433K [0x0000000081800000, 0x0000000100000000)
  region size 1024K, 3 young (3072K), 3 survivors (3072K)
 Metaspace       used 64511K, committed 65216K, reserved 1114112K
  class space    used 9535K, committed 9856K, reserved 1048576K
}
Event: 18.013 GC heap before
{Heap before GC invocations=22 (full 0):
 garbage-first heap   total 60416K, used 52769K [0x0000000081800000, 0x0000000100000000)
  region size 1024K, 17 young (17408K), 3 survivors (3072K)
 Metaspace       used 64522K, committed 65280K, reserved 1114112K
  class space    used 9535K, committed 9856K, reserved 1048576K
}
Event: 18.024 GC heap after
{Heap after GC invocations=23 (full 0):
 garbage-first heap   total 60416K, used 41246K [0x0000000081800000, 0x0000000100000000)
  region size 1024K, 3 young (3072K), 3 survivors (3072K)
 Metaspace       used 64522K, committed 65280K, reserved 1114112K
  class space    used 9535K, committed 9856K, reserved 1048576K
}
Event: 18.064 GC heap before
{Heap before GC invocations=23 (full 0):
 garbage-first heap   total 60416K, used 52510K [0x0000000081800000, 0x0000000100000000)
  region size 1024K, 14 young (14336K), 3 survivors (3072K)
 Metaspace       used 64522K, committed 65280K, reserved 1114112K
  class space    used 9535K, committed 9856K, reserved 1048576K
}
Event: 18.072 GC heap after
{Heap after GC invocations=24 (full 0):
 garbage-first heap   total 98304K, used 44759K [0x0000000081800000, 0x0000000100000000)
  region size 1024K, 2 young (2048K), 2 survivors (2048K)
 Metaspace       used 64522K, committed 65280K, reserved 1114112K
  class space    used 9535K, committed 9856K, reserved 1048576K
}
Event: 18.260 GC heap before
{Heap before GC invocations=25 (full 0):
 garbage-first heap   total 98304K, used 80599K [0x0000000081800000, 0x0000000100000000)
  region size 1024K, 37 young (37888K), 2 survivors (2048K)
 Metaspace       used 64514K, committed 65280K, reserved 1114112K
  class space    used 9532K, committed 9856K, reserved 1048576K
}
Event: 18.272 GC heap after
{Heap after GC invocations=26 (full 0):
 garbage-first heap   total 98304K, used 52815K [0x0000000081800000, 0x0000000100000000)
  region size 1024K, 5 young (5120K), 5 survivors (5120K)
 Metaspace       used 64514K, committed 65280K, reserved 1114112K
  class space    used 9532K, committed 9856K, reserved 1048576K
}
Event: 18.758 GC heap before
{Heap before GC invocations=26 (full 0):
 garbage-first heap   total 98304K, used 81487K [0x0000000081800000, 0x0000000100000000)
  region size 1024K, 34 young (34816K), 5 survivors (5120K)
 Metaspace       used 66030K, committed 66752K, reserved 1114112K
  class space    used 9733K, committed 10048K, reserved 1048576K
}
Event: 18.773 GC heap after
{Heap after GC invocations=27 (full 0):
 garbage-first heap   total 98304K, used 55235K [0x0000000081800000, 0x0000000100000000)
  region size 1024K, 3 young (3072K), 3 survivors (3072K)
 Metaspace       used 66030K, committed 66752K, reserved 1114112K
  class space    used 9733K, committed 10048K, reserved 1048576K
}
Event: 19.329 GC heap before
{Heap before GC invocations=27 (full 0):
 garbage-first heap   total 98304K, used 83907K [0x0000000081800000, 0x0000000100000000)
  region size 1024K, 31 young (31744K), 3 survivors (3072K)
 Metaspace       used 67272K, committed 68032K, reserved 1114112K
  class space    used 9912K, committed 10240K, reserved 1048576K
}
Event: 19.339 GC heap after
{Heap after GC invocations=28 (full 0):
 garbage-first heap   total 98304K, used 59392K [0x0000000081800000, 0x0000000100000000)
  region size 1024K, 4 young (4096K), 4 survivors (4096K)
 Metaspace       used 67272K, committed 68032K, reserved 1114112K
  class space    used 9912K, committed 10240K, reserved 1048576K
}
Event: 19.494 GC heap before
{Heap before GC invocations=28 (full 0):
 garbage-first heap   total 98304K, used 81920K [0x0000000081800000, 0x0000000100000000)
  region size 1024K, 30 young (30720K), 4 survivors (4096K)
 Metaspace       used 67277K, committed 68032K, reserved 1114112K
  class space    used 9912K, committed 10240K, reserved 1048576K
}
Event: 19.507 GC heap after
{Heap after GC invocations=29 (full 0):
 garbage-first heap   total 98304K, used 61768K [0x0000000081800000, 0x0000000100000000)
  region size 1024K, 4 young (4096K), 4 survivors (4096K)
 Metaspace       used 67277K, committed 68032K, reserved 1114112K
  class space    used 9912K, committed 10240K, reserved 1048576K
}
Event: 19.627 GC heap before
{Heap before GC invocations=30 (full 0):
 garbage-first heap   total 98304K, used 84296K [0x0000000081800000, 0x0000000100000000)
  region size 1024K, 26 young (26624K), 4 survivors (4096K)
 Metaspace       used 67306K, committed 68032K, reserved 1114112K
  class space    used 9914K, committed 10240K, reserved 1048576K
}
Event: 19.639 GC heap after
{Heap after GC invocations=31 (full 0):
 garbage-first heap   total 98304K, used 66818K [0x0000000081800000, 0x0000000100000000)
  region size 1024K, 4 young (4096K), 4 survivors (4096K)
 Metaspace       used 67306K, committed 68032K, reserved 1114112K
  class space    used 9914K, committed 10240K, reserved 1048576K
}
Event: 20.079 GC heap before
{Heap before GC invocations=31 (full 0):
 garbage-first heap   total 98304K, used 85250K [0x0000000081800000, 0x0000000100000000)
  region size 1024K, 22 young (22528K), 4 survivors (4096K)
 Metaspace       used 67606K, committed 68416K, reserved 1114112K
  class space    used 9940K, committed 10304K, reserved 1048576K
}

