# JRE version: OpenJDK Runtime Environment Temurin-21.0.10+7 (21.0.10+7) (build 21.0.10+7-LTS)
# Java VM: OpenJDK 64-Bit Server VM Temurin-21.0.10+7 (21.0.10+7-LTS, mixed mode, sharing, tiered, compressed oops, compressed class ptrs, parallel gc, windows-amd64)
GC Precious Log:
 CardTable entry size: 512
 CPUs: 4 total, 4 available
 Memory: 8094M
 Large Page Support: Disabled
 NUMA Support: Disabled
 Compressed Oops: Enabled (32-bit)
 Alignments: Space 512K, Generation 512K, Heap 2M
 Heap Min Capacity: 100M
 Heap Initial Capacity: 100M
 Heap Max Capacity: 2G
 Pre-touch: Disabled
 Parallel Workers: 4
Heap:
 PSYoungGen      total 5632K, used 4664K [0x00000000d5580000, 0x00000000d5d00000, 0x0000000100000000)
  eden space 5120K, 88% used [0x00000000d5580000,0x00000000d59ee3d0,0x00000000d5a80000)
  from space 512K, 25% used [0x00000000d5c00000,0x00000000d5c20000,0x00000000d5c80000)
  to   space 512K, 0% used [0x00000000d5c80000,0x00000000d5c80000,0x00000000d5d00000)
 ParOldGen       total 129024K, used 128765K [0x0000000080000000, 0x0000000087e00000, 0x00000000d5580000)
  object space 129024K, 99% used [0x0000000080000000,0x0000000087dbf750,0x0000000087e00000)
 Metaspace       used 73268K, committed 74944K, reserved 1179648K
  class space    used 7693K, committed 8384K, reserved 1048576K
GC Heap History (20 events):
Event: 337.349 GC heap before
{Heap before GC invocations=149 (full 3):
 PSYoungGen      total 7680K, used 5972K [0x00000000d5580000, 0x00000000d6080000, 0x0000000100000000)
  eden space 5120K, 100% used [0x00000000d5580000,0x00000000d5a80000,0x00000000d5a80000)
  from space 2560K, 33% used [0x00000000d5c80000,0x00000000d5d55200,0x00000000d5f00000)
  to   space 1536K, 0% used [0x00000000d5f00000,0x00000000d5f00000,0x00000000d6080000)
 ParOldGen       total 123904K, used 123856K [0x0000000080000000, 0x0000000087900000, 0x00000000d5580000)
  object space 123904K, 99% used [0x0000000080000000,0x00000000878f42b0,0x0000000087900000)
 Metaspace       used 72260K, committed 73920K, reserved 1179648K
  class space    used 7539K, committed 8256K, reserved 1048576K
}
Event: 337.352 GC heap after
{Heap after GC invocations=149 (full 3):
 PSYoungGen      total 5632K, used 320K [0x00000000d5580000, 0x00000000d5f80000, 0x0000000100000000)
  eden space 5120K, 0% used [0x00000000d5580000,0x00000000d5580000,0x00000000d5a80000)
  from space 512K, 62% used [0x00000000d5f00000,0x00000000d5f50020,0x00000000d5f80000)
  to   space 1024K, 0% used [0x00000000d5d80000,0x00000000d5d80000,0x00000000d5e80000)
 ParOldGen       total 124416K, used 124312K [0x0000000080000000, 0x0000000087980000, 0x00000000d5580000)
  object space 124416K, 99% used [0x0000000080000000,0x00000000879662b0,0x0000000087980000)
 Metaspace       used 72260K, committed 73920K, reserved 1179648K
  class space    used 7539K, committed 8256K, reserved 1048576K
}
Event: 337.366 GC heap before
{Heap before GC invocations=150 (full 3):
 PSYoungGen      total 5632K, used 5440K [0x00000000d5580000, 0x00000000d5f80000, 0x0000000100000000)
  eden space 5120K, 100% used [0x00000000d5580000,0x00000000d5a80000,0x00000000d5a80000)
  from space 512K, 62% used [0x00000000d5f00000,0x00000000d5f50020,0x00000000d5f80000)
  to   space 1024K, 0% used [0x00000000d5d80000,0x00000000d5d80000,0x00000000d5e80000)
 ParOldGen       total 124416K, used 124312K [0x0000000080000000, 0x0000000087980000, 0x00000000d5580000)
  object space 124416K, 99% used [0x0000000080000000,0x00000000879662b0,0x0000000087980000)
 Metaspace       used 72261K, committed 73920K, reserved 1179648K
  class space    used 7539K, committed 8256K, reserved 1048576K
}
Event: 337.369 GC heap after
{Heap after GC invocations=150 (full 3):
 PSYoungGen      total 6144K, used 622K [0x00000000d5580000, 0x00000000d5f80000, 0x0000000100000000)
  eden space 5120K, 0% used [0x00000000d5580000,0x00000000d5580000,0x00000000d5a80000)
  from space 1024K, 60% used [0x00000000d5d80000,0x00000000d5e1bb00,0x00000000d5e80000)
  to   space 1024K, 0% used [0x00000000d5e80000,0x00000000d5e80000,0x00000000d5f80000)
 ParOldGen       total 124928K, used 124542K [0x0000000080000000, 0x0000000087a00000, 0x00000000d5580000)
  object space 124928K, 99% used [0x0000000080000000,0x000000008799f860,0x0000000087a00000)
 Metaspace       used 72261K, committed 73920K, reserved 1179648K
  class space    used 7539K, committed 8256K, reserved 1048576K
}
Event: 337.457 GC heap before
{Heap before GC invocations=151 (full 3):
 PSYoungGen      total 6144K, used 5742K [0x00000000d5580000, 0x00000000d5f80000, 0x0000000100000000)
  eden space 5120K, 100% used [0x00000000d5580000,0x00000000d5a80000,0x00000000d5a80000)
  from space 1024K, 60% used [0x00000000d5d80000,0x00000000d5e1bb00,0x00000000d5e80000)
  to   space 1024K, 0% used [0x00000000d5e80000,0x00000000d5e80000,0x00000000d5f80000)
 ParOldGen       total 124928K, used 124542K [0x0000000080000000, 0x0000000087a00000, 0x00000000d5580000)
  object space 124928K, 99% used [0x0000000080000000,0x000000008799f860,0x0000000087a00000)
 Metaspace       used 72281K, committed 73920K, reserved 1179648K
  class space    used 7540K, committed 8256K, reserved 1048576K
}
Event: 337.462 GC heap after
{Heap after GC invocations=151 (full 3):
 PSYoungGen      total 6144K, used 1005K [0x00000000d5580000, 0x00000000d6080000, 0x0000000100000000)
  eden space 5120K, 0% used [0x00000000d5580000,0x00000000d5580000,0x00000000d5a80000)
  from space 1024K, 98% used [0x00000000d5e80000,0x00000000d5f7b668,0x00000000d5f80000)
  to   space 3072K, 0% used [0x00000000d5a80000,0x00000000d5a80000,0x00000000d5d80000)
 ParOldGen       total 126464K, used 126141K [0x0000000080000000, 0x0000000087b80000, 0x00000000d5580000)
  object space 126464K, 99% used [0x0000000080000000,0x0000000087b2f5d0,0x0000000087b80000)
 Metaspace       used 72281K, committed 73920K, reserved 1179648K
  class space    used 7540K, committed 8256K, reserved 1048576K
}
Event: 337.488 GC heap before
{Heap before GC invocations=152 (full 3):
 PSYoungGen      total 6144K, used 6125K [0x00000000d5580000, 0x00000000d6080000, 0x0000000100000000)
  eden space 5120K, 100% used [0x00000000d5580000,0x00000000d5a80000,0x00000000d5a80000)
  from space 1024K, 98% used [0x00000000d5e80000,0x00000000d5f7b668,0x00000000d5f80000)
  to   space 3072K, 0% used [0x00000000d5a80000,0x00000000d5a80000,0x00000000d5d80000)
 ParOldGen       total 126464K, used 126141K [0x0000000080000000, 0x0000000087b80000, 0x00000000d5580000)
  object space 126464K, 99% used [0x0000000080000000,0x0000000087b2f5d0,0x0000000087b80000)
 Metaspace       used 72300K, committed 73920K, reserved 1179648K
  class space    used 7540K, committed 8256K, reserved 1048576K
}
Event: 337.491 GC heap after
{Heap after GC invocations=152 (full 3):
 PSYoungGen      total 7680K, used 2136K [0x00000000d5580000, 0x00000000d5f80000, 0x0000000100000000)
  eden space 5120K, 0% used [0x00000000d5580000,0x00000000d5580000,0x00000000d5a80000)
  from space 2560K, 83% used [0x00000000d5a80000,0x00000000d5c96288,0x00000000d5d00000)
  to   space 2560K, 0% used [0x00000000d5d00000,0x00000000d5d00000,0x00000000d5f80000)
 ParOldGen       total 127488K, used 127134K [0x0000000080000000, 0x0000000087c80000, 0x00000000d5580000)
  object space 127488K, 99% used [0x0000000080000000,0x0000000087c27bb8,0x0000000087c80000)
 Metaspace       used 72300K, committed 73920K, reserved 1179648K
  class space    used 7540K, committed 8256K, reserved 1048576K
}
Event: 338.237 GC heap before
{Heap before GC invocations=153 (full 3):
 PSYoungGen      total 7680K, used 7256K [0x00000000d5580000, 0x00000000d5f80000, 0x0000000100000000)
  eden space 5120K, 100% used [0x00000000d5580000,0x00000000d5a80000,0x00000000d5a80000)
  from space 2560K, 83% used [0x00000000d5a80000,0x00000000d5c96288,0x00000000d5d00000)
  to   space 2560K, 0% used [0x00000000d5d00000,0x00000000d5d00000,0x00000000d5f80000)
 ParOldGen       total 127488K, used 127134K [0x0000000080000000, 0x0000000087c80000, 0x00000000d5580000)
  object space 127488K, 99% used [0x0000000080000000,0x0000000087c27bb8,0x0000000087c80000)
 Metaspace       used 72313K, committed 73920K, reserved 1179648K
  class space    used 7542K, committed 8256K, reserved 1048576K
}
Event: 338.239 GC heap after
{Heap after GC invocations=153 (full 3):
 PSYoungGen      total 5632K, used 416K [0x00000000d5580000, 0x00000000d5d80000, 0x0000000100000000)
  eden space 5120K, 0% used [0x00000000d5580000,0x00000000d5580000,0x00000000d5a80000)
  from space 512K, 81% used [0x00000000d5d00000,0x00000000d5d68010,0x00000000d5d80000)
  to   space 1536K, 0% used [0x00000000d5a80000,0x00000000d5a80000,0x00000000d5c00000)
 ParOldGen       total 127488K, used 127326K [0x0000000080000000, 0x0000000087c80000, 0x00000000d5580000)
  object space 127488K, 99% used [0x0000000080000000,0x0000000087c57bb8,0x0000000087c80000)
 Metaspace       used 72313K, committed 73920K, reserved 1179648K
  class space    used 7542K, committed 8256K, reserved 1048576K
}
Event: 338.506 GC heap before
{Heap before GC invocations=154 (full 3):
 PSYoungGen      total 5632K, used 5536K [0x00000000d5580000, 0x00000000d5d80000, 0x0000000100000000)
  eden space 5120K, 100% used [0x00000000d5580000,0x00000000d5a80000,0x00000000d5a80000)
  from space 512K, 81% used [0x00000000d5d00000,0x00000000d5d68010,0x00000000d5d80000)
  to   space 1536K, 0% used [0x00000000d5a80000,0x00000000d5a80000,0x00000000d5c00000)
 ParOldGen       total 127488K, used 127326K [0x0000000080000000, 0x0000000087c80000, 0x00000000d5580000)
  object space 127488K, 99% used [0x0000000080000000,0x0000000087c57bb8,0x0000000087c80000)
 Metaspace       used 72328K, committed 74048K, reserved 1179648K
  class space    used 7542K, committed 8256K, reserved 1048576K
}
Event: 338.510 GC heap after
{Heap after GC invocations=154 (full 3):
 PSYoungGen      total 6656K, used 596K [0x00000000d5580000, 0x00000000d5d80000, 0x0000000100000000)
  eden space 5120K, 0% used [0x00000000d5580000,0x00000000d5580000,0x00000000d5a80000)
  from space 1536K, 38% used [0x00000000d5a80000,0x00000000d5b15200,0x00000000d5c00000)
  to   space 1024K, 0% used [0x00000000d5c80000,0x00000000d5c80000,0x00000000d5d80000)
 ParOldGen       total 128000K, used 127692K [0x0000000080000000, 0x0000000087d00000, 0x00000000d5580000)
  object space 128000K, 99% used [0x0000000080000000,0x0000000087cb3348,0x0000000087d00000)
 Metaspace       used 72328K, committed 74048K, reserved 1179648K
  class space    used 7542K, committed 8256K, reserved 1048576K
}
Event: 338.883 GC heap before
{Heap before GC invocations=155 (full 3):
 PSYoungGen      total 6656K, used 5716K [0x00000000d5580000, 0x00000000d5d80000, 0x0000000100000000)
  eden space 5120K, 100% used [0x00000000d5580000,0x00000000d5a80000,0x00000000d5a80000)
  from space 1536K, 38% used [0x00000000d5a80000,0x00000000d5b15200,0x00000000d5c00000)
  to   space 1024K, 0% used [0x00000000d5c80000,0x00000000d5c80000,0x00000000d5d80000)
 ParOldGen       total 128000K, used 127692K [0x0000000080000000, 0x0000000087d00000, 0x00000000d5580000)
  object space 128000K, 99% used [0x0000000080000000,0x0000000087cb3348,0x0000000087d00000)
 Metaspace       used 72714K, committed 74432K, reserved 1179648K
  class space    used 7612K, committed 8320K, reserved 1048576K
}
Event: 338.886 GC heap after
{Heap after GC invocations=155 (full 3):
 PSYoungGen      total 6144K, used 526K [0x00000000d5580000, 0x00000000d5d80000, 0x0000000100000000)
  eden space 5120K, 0% used [0x00000000d5580000,0x00000000d5580000,0x00000000d5a80000)
  from space 1024K, 51% used [0x00000000d5c80000,0x00000000d5d03a80,0x00000000d5d80000)
  to   space 1024K, 0% used [0x00000000d5b80000,0x00000000d5b80000,0x00000000d5c80000)
 ParOldGen       total 128512K, used 128145K [0x0000000080000000, 0x0000000087d80000, 0x00000000d5580000)
  object space 128512K, 99% used [0x0000000080000000,0x0000000087d24558,0x0000000087d80000)
 Metaspace       used 72714K, committed 74432K, reserved 1179648K
  class space    used 7612K, committed 8320K, reserved 1048576K
}
Event: 340.057 GC heap before
{Heap before GC invocations=156 (full 3):
 PSYoungGen      total 6144K, used 5646K [0x00000000d5580000, 0x00000000d5d80000, 0x0000000100000000)
  eden space 5120K, 100% used [0x00000000d5580000,0x00000000d5a80000,0x00000000d5a80000)
  from space 1024K, 51% used [0x00000000d5c80000,0x00000000d5d03a80,0x00000000d5d80000)
  to   space 1024K, 0% used [0x00000000d5b80000,0x00000000d5b80000,0x00000000d5c80000)
 ParOldGen       total 128512K, used 128145K [0x0000000080000000, 0x0000000087d80000, 0x00000000d5580000)
  object space 128512K, 99% used [0x0000000080000000,0x0000000087d24558,0x0000000087d80000)
 Metaspace       used 73187K, committed 74880K, reserved 1179648K
  class space    used 7686K, committed 8384K, reserved 1048576K
}
Event: 340.059 GC heap after
{Heap after GC invocations=156 (full 3):
 PSYoungGen      total 6144K, used 192K [0x00000000d5580000, 0x00000000d5d00000, 0x0000000100000000)
  eden space 5120K, 0% used [0x00000000d5580000,0x00000000d5580000,0x00000000d5a80000)
  from space 1024K, 18% used [0x00000000d5b80000,0x00000000d5bb0000,0x00000000d5c80000)
  to   space 512K, 0% used [0x00000000d5c80000,0x00000000d5c80000,0x00000000d5d00000)
 ParOldGen       total 129024K, used 128565K [0x0000000080000000, 0x0000000087e00000, 0x00000000d5580000)
  object space 129024K, 99% used [0x0000000080000000,0x0000000087d8d730,0x0000000087e00000)
 Metaspace       used 73187K, committed 74880K, reserved 1179648K
  class space    used 7686K, committed 8384K, reserved 1048576K
}
Event: 340.454 GC heap before
{Heap before GC invocations=157 (full 3):
 PSYoungGen      total 6144K, used 5312K [0x00000000d5580000, 0x00000000d5d00000, 0x0000000100000000)
  eden space 5120K, 100% used [0x00000000d5580000,0x00000000d5a80000,0x00000000d5a80000)
  from space 1024K, 18% used [0x00000000d5b80000,0x00000000d5bb0000,0x00000000d5c80000)
  to   space 512K, 0% used [0x00000000d5c80000,0x00000000d5c80000,0x00000000d5d00000)
 ParOldGen       total 129024K, used 128565K [0x0000000080000000, 0x0000000087e00000, 0x00000000d5580000)
  object space 129024K, 99% used [0x0000000080000000,0x0000000087d8d730,0x0000000087e00000)
 Metaspace       used 73189K, committed 74880K, reserved 1179648K
  class space    used 7686K, committed 8384K, reserved 1048576K
}
Event: 340.455 GC heap after
{Heap after GC invocations=157 (full 3):
 PSYoungGen      total 5632K, used 218K [0x00000000d5580000, 0x00000000d5d00000, 0x0000000100000000)
  eden space 5120K, 0% used [0x00000000d5580000,0x00000000d5580000,0x00000000d5a80000)
  from space 512K, 42% used [0x00000000d5c80000,0x00000000d5cb6920,0x00000000d5d00000)
  to   space 512K, 0% used [0x00000000d5c00000,0x00000000d5c00000,0x00000000d5c80000)
 ParOldGen       total 129024K, used 128677K [0x0000000080000000, 0x0000000087e00000, 0x00000000d5580000)
  object space 129024K, 99% used [0x0000000080000000,0x0000000087da9730,0x0000000087e00000)
 Metaspace       used 73189K, committed 74880K, reserved 1179648K
  class space    used 7686K, committed 8384K, reserved 1048576K
}
Event: 348.994 GC heap before
{Heap before GC invocations=158 (full 3):
 PSYoungGen      total 5632K, used 5338K [0x00000000d5580000, 0x00000000d5d00000, 0x0000000100000000)
  eden space 5120K, 100% used [0x00000000d5580000,0x00000000d5a80000,0x00000000d5a80000)
  from space 512K, 42% used [0x00000000d5c80000,0x00000000d5cb6920,0x00000000d5d00000)
  to   space 512K, 0% used [0x00000000d5c00000,0x00000000d5c00000,0x00000000d5c80000)
 ParOldGen       total 129024K, used 128677K [0x0000000080000000, 0x0000000087e00000, 0x00000000d5580000)
  object space 129024K, 99% used [0x0000000080000000,0x0000000087da9730,0x0000000087e00000)
 Metaspace       used 73220K, committed 74880K, reserved 1179648K
  class space    used 7686K, committed 8384K, reserved 1048576K
}
Event: 348.995 GC heap after
{Heap after GC invocations=158 (full 3):
 PSYoungGen      total 5632K, used 128K [0x00000000d5580000, 0x00000000d5d00000, 0x0000000100000000)
  eden space 5120K, 0% used [0x00000000d5580000,0x00000000d5580000,0x00000000d5a80000)
  from space 512K, 25% used [0x00000000d5c00000,0x00000000d5c20000,0x00000000d5c80000)
  to   space 512K, 0% used [0x00000000d5c80000,0x00000000d5c80000,0x00000000d5d00000)
 ParOldGen       total 129024K, used 128765K [0x0000000080000000, 0x0000000087e00000, 0x00000000d5580000)
  object space 129024K, 99% used [0x0000000080000000,0x0000000087dbf750,0x0000000087e00000)
 Metaspace       used 73220K, committed 74880K, reserved 1179648K
  class space    used 7686K, committed 8384K, reserved 1048576K
}

